<?xml version="1.0" encoding="UTF-8"?>
<testsuite xmlns:xsi="http://www.w3.org/2001/XMLSchema-instance" xsi:noNamespaceSchemaLocation="https://maven.apache.org/surefire/maven-surefire-plugin/xsd/surefire-test-report-3.0.xsd" version="3.0" name="TestSuite" time="40.479" tests="11" errors="0" skipped="0" failures="2">
  <properties>
[...]
</properties>
  <testcase name="verifyPageTitleTest" classname="maven.selenium.testng.TestmavenClass" time="0.013"/>
  <testcase name="verifygmailbox" classname="maven.selenium.testng.TestmavenClass" time="0.507"/>
  <testcase name="click_next" classname="maven.selenium.testng.TestmavenClass" time="0.449"/>
  <testcase name="enter_password" classname="maven.selenium.testng.TestmavenClass" time="2.32"/>
  <testcase name="click_next2" classname="maven.selenium.testng.TestmavenClass" time="0.312"/>
  <testcase name="compose_mail" classname="maven.selenium.testng.TestmavenClass" time="6.694"/>
  <testcase name="fill_id_of_reciever" classname="maven.selenium.testng.TestmavenClass" time="10.778"/>
  <testcase name="enter_subject" classname="maven.selenium.testng.TestmavenClass" time="0.329"/>
  <testcase name="enter_mail_body" classname="maven.selenium.testng.TestmavenClass" time="1.437"/>
  <testcase name="open_sent_box" classname="maven.selenium.testng.TestmavenClass" time="0.364">
    <failure message="stale element reference: element is not attached to the page document&#10;  (Session info: chrome=79.0.3945.117)&#10;For documentation on this error, please visit: https://www.seleniumhq.org/exceptions/stale_element_reference.html&#10;Build info: version: &apos;3.141.59&apos;, revision: &apos;e82be7d358&apos;, time: &apos;2018-11-14T08:17:03&apos;&#10;System info: host: &apos;FA045177&apos;, ip: &apos;10.111.3.123&apos;, os.name: &apos;Windows 10&apos;, os.arch: &apos;amd64&apos;, os.version: &apos;10.0&apos;, java.version: &apos;1.8.0_231&apos;&#10;Driver info: org.openqa.selenium.chrome.ChromeDriver&#10;Capabilities {acceptInsecureCerts: false, browserName: chrome, browserVersion: 79.0.3945.117, chrome: {chromedriverVersion: 79.0.3945.36 (3582db32b3389..., userDataDir: C:\Users\ASTHA~1.SIN\AppDat...}, goog:chromeOptions: {debuggerAddress: localhost:54854}, javascriptEnabled: true, networkConnectionEnabled: false, pageLoadStrategy: normal, platform: WINDOWS, platformName: WINDOWS, proxy: Proxy(), setWindowRect: true, strictFileInteractability: false, timeouts: {implicit: 0, pageLoad: 300000, script: 30000}, unhandledPromptBehavior: dismiss and notify}&#10;Session ID: ee8da69e421db83903f7b85821ebe1a1" type="org.openqa.selenium.StaleElementReferenceException">org.openqa.selenium.StaleElementReferenceException: 
stale element reference: element is not attached to the page document
  (Session info: chrome=79.0.3945.117)
For documentation on this error, please visit: https://www.seleniumhq.org/exceptions/stale_element_reference.html
Build info: version: '3.141.59', revision: 'e82be7d358', time: '2018-11-14T08:17:03'
System info: host: 'FA045177', ip: '10.111.3.123', os.name: 'Windows 10', os.arch: 'amd64', os.version: '10.0', java.version: '1.8.0_231'
Driver info: org.openqa.selenium.chrome.ChromeDriver
Capabilities {acceptInsecureCerts: false, browserName: chrome, browserVersion: 79.0.3945.117, chrome: {chromedriverVersion: 79.0.3945.36 (3582db32b3389..., userDataDir: C:\Users\ASTHA~1.SIN\AppDat...}, goog:chromeOptions: {debuggerAddress: localhost:54854}, javascriptEnabled: true, networkConnectionEnabled: false, pageLoadStrategy: normal, platform: WINDOWS, platformName: WINDOWS, proxy: Proxy(), setWindowRect: true, strictFileInteractability: false, timeouts: {implicit: 0, pageLoad: 300000, script: 30000}, unhandledPromptBehavior: dismiss and notify}
Session ID: ee8da69e421db83903f7b85821ebe1a1
	at maven.selenium.testng.TestmavenClass.open_sent_box(TestmavenClass.java:106)
</failure>
  </testcase>
  <testcase name="get_subject" classname="maven.selenium.testng.TestmavenClass" time="5.083">
    <failure message="no such element: Unable to locate element: {&quot;method&quot;:&quot;css selector&quot;,&quot;selector&quot;:&quot;tr[class=&apos;zA yO&apos;]&quot;}&#10;  (Session info: chrome=79.0.3945.117)&#10;For documentation on this error, please visit: https://www.seleniumhq.org/exceptions/no_such_element.html&#10;Build info: version: &apos;3.141.59&apos;, revision: &apos;e82be7d358&apos;, time: &apos;2018-11-14T08:17:03&apos;&#10;System info: host: &apos;FA045177&apos;, ip: &apos;10.111.3.123&apos;, os.name: &apos;Windows 10&apos;, os.arch: &apos;amd64&apos;, os.version: &apos;10.0&apos;, java.version: &apos;1.8.0_231&apos;&#10;Driver info: org.openqa.selenium.chrome.ChromeDriver&#10;Capabilities {acceptInsecureCerts: false, browserName: chrome, browserVersion: 79.0.3945.117, chrome: {chromedriverVersion: 79.0.3945.36 (3582db32b3389..., userDataDir: C:\Users\ASTHA~1.SIN\AppDat...}, goog:chromeOptions: {debuggerAddress: localhost:54854}, javascriptEnabled: true, networkConnectionEnabled: false, pageLoadStrategy: normal, platform: WINDOWS, platformName: WINDOWS, proxy: Proxy(), setWindowRect: true, strictFileInteractability: false, timeouts: {implicit: 0, pageLoad: 300000, script: 30000}, unhandledPromptBehavior: dismiss and notify}&#10;Session ID: ee8da69e421db83903f7b85821ebe1a1&#10;*** Element info: {Using=css selector, value=tr[class=&apos;zA yO&apos;]}" type="org.openqa.selenium.NoSuchElementException">org.openqa.selenium.NoSuchElementException: 
no such element: Unable to locate element: {"method":"css selector","selector":"tr[class='zA yO']"}
  (Session info: chrome=79.0.3945.117)
For documentation on this error, please visit: https://www.seleniumhq.org/exceptions/no_such_element.html
Build info: version: '3.141.59', revision: 'e82be7d358', time: '2018-11-14T08:17:03'
System info: host: 'FA045177', ip: '10.111.3.123', os.name: 'Windows 10', os.arch: 'amd64', os.version: '10.0', java.version: '1.8.0_231'
Driver info: org.openqa.selenium.chrome.ChromeDriver
Capabilities {acceptInsecureCerts: false, browserName: chrome, browserVersion: 79.0.3945.117, chrome: {chromedriverVersion: 79.0.3945.36 (3582db32b3389..., userDataDir: C:\Users\ASTHA~1.SIN\AppDat...}, goog:chromeOptions: {debuggerAddress: localhost:54854}, javascriptEnabled: true, networkConnectionEnabled: false, pageLoadStrategy: normal, platform: WINDOWS, platformName: WINDOWS, proxy: Proxy(), setWindowRect: true, strictFileInteractability: false, timeouts: {implicit: 0, pageLoad: 300000, script: 30000}, unhandledPromptBehavior: dismiss and notify}
Session ID: ee8da69e421db83903f7b85821ebe1a1
*** Element info: {Using=css selector, value=tr[class='zA yO']}
	at maven.selenium.testng.TestmavenClass.get_subject(TestmavenClass.java:114)
</failure>
  </testcase>
</testsuite>